#! /usr/bin/vvp
:ivl_version "12.0 (stable)";
:ivl_delay_selection "TYPICAL";
:vpi_time_precision - 12;
:vpi_module "/usr/lib/x86_64-linux-gnu/ivl/system.vpi";
:vpi_module "/usr/lib/x86_64-linux-gnu/ivl/vhdl_sys.vpi";
:vpi_module "/usr/lib/x86_64-linux-gnu/ivl/vhdl_textio.vpi";
:vpi_module "/usr/lib/x86_64-linux-gnu/ivl/v2005_math.vpi";
:vpi_module "/usr/lib/x86_64-linux-gnu/ivl/va_math.vpi";
S_0x629c790ff800 .scope module, "tb_BCDtoSSeg" "tb_BCDtoSSeg" 2 3;
 .timescale -9 -12;
v0x629c79115740_0 .var "BCD", 3 0;
v0x629c79115830_0 .net "SSeg", 0 6, v0x629c79115520_0;  1 drivers
L_0x74bc8be9d018 .functor BUFT 1, C4<1110>, C4<0>, C4<0>, C4<0>;
v0x629c79115900_0 .net "an", 3 0, L_0x74bc8be9d018;  1 drivers
S_0x629c790ff990 .scope module, "uut" "BCDtoSSeg" 2 9, 3 1 0, S_0x629c790ff800;
 .timescale -9 -12;
    .port_info 0 /INPUT 4 "BCD";
    .port_info 1 /OUTPUT 7 "SSeg";
    .port_info 2 /OUTPUT 4 "an";
v0x629c790c3490_0 .net "BCD", 3 0, v0x629c79115740_0;  1 drivers
v0x629c79115520_0 .var "SSeg", 0 6;
v0x629c79115600_0 .net "an", 3 0, L_0x74bc8be9d018;  alias, 1 drivers
E_0x629c790fc4f0 .event anyedge, v0x629c790c3490_0;
    .scope S_0x629c790ff990;
T_0 ;
    %wait E_0x629c790fc4f0;
    %load/vec4 v0x629c790c3490_0;
    %dup/vec4;
    %pushi/vec4 0, 0, 4;
    %cmp/u;
    %jmp/1 T_0.0, 6;
    %dup/vec4;
    %pushi/vec4 1, 0, 4;
    %cmp/u;
    %jmp/1 T_0.1, 6;
    %dup/vec4;
    %pushi/vec4 2, 0, 4;
    %cmp/u;
    %jmp/1 T_0.2, 6;
    %dup/vec4;
    %pushi/vec4 3, 0, 4;
    %cmp/u;
    %jmp/1 T_0.3, 6;
    %dup/vec4;
    %pushi/vec4 4, 0, 4;
    %cmp/u;
    %jmp/1 T_0.4, 6;
    %dup/vec4;
    %pushi/vec4 5, 0, 4;
    %cmp/u;
    %jmp/1 T_0.5, 6;
    %dup/vec4;
    %pushi/vec4 6, 0, 4;
    %cmp/u;
    %jmp/1 T_0.6, 6;
    %dup/vec4;
    %pushi/vec4 7, 0, 4;
    %cmp/u;
    %jmp/1 T_0.7, 6;
    %dup/vec4;
    %pushi/vec4 8, 0, 4;
    %cmp/u;
    %jmp/1 T_0.8, 6;
    %dup/vec4;
    %pushi/vec4 9, 0, 4;
    %cmp/u;
    %jmp/1 T_0.9, 6;
    %dup/vec4;
    %pushi/vec4 10, 0, 4;
    %cmp/u;
    %jmp/1 T_0.10, 6;
    %dup/vec4;
    %pushi/vec4 11, 0, 4;
    %cmp/u;
    %jmp/1 T_0.11, 6;
    %dup/vec4;
    %pushi/vec4 12, 0, 4;
    %cmp/u;
    %jmp/1 T_0.12, 6;
    %dup/vec4;
    %pushi/vec4 13, 0, 4;
    %cmp/u;
    %jmp/1 T_0.13, 6;
    %dup/vec4;
    %pushi/vec4 14, 0, 4;
    %cmp/u;
    %jmp/1 T_0.14, 6;
    %dup/vec4;
    %pushi/vec4 15, 0, 4;
    %cmp/u;
    %jmp/1 T_0.15, 6;
    %pushi/vec4 0, 0, 7;
    %store/vec4 v0x629c79115520_0, 0, 7;
    %jmp T_0.17;
T_0.0 ;
    %pushi/vec4 1, 0, 7;
    %store/vec4 v0x629c79115520_0, 0, 7;
    %jmp T_0.17;
T_0.1 ;
    %pushi/vec4 79, 0, 7;
    %store/vec4 v0x629c79115520_0, 0, 7;
    %jmp T_0.17;
T_0.2 ;
    %pushi/vec4 18, 0, 7;
    %store/vec4 v0x629c79115520_0, 0, 7;
    %jmp T_0.17;
T_0.3 ;
    %pushi/vec4 6, 0, 7;
    %store/vec4 v0x629c79115520_0, 0, 7;
    %jmp T_0.17;
T_0.4 ;
    %pushi/vec4 76, 0, 7;
    %store/vec4 v0x629c79115520_0, 0, 7;
    %jmp T_0.17;
T_0.5 ;
    %pushi/vec4 36, 0, 7;
    %store/vec4 v0x629c79115520_0, 0, 7;
    %jmp T_0.17;
T_0.6 ;
    %pushi/vec4 32, 0, 7;
    %store/vec4 v0x629c79115520_0, 0, 7;
    %jmp T_0.17;
T_0.7 ;
    %pushi/vec4 15, 0, 7;
    %store/vec4 v0x629c79115520_0, 0, 7;
    %jmp T_0.17;
T_0.8 ;
    %pushi/vec4 0, 0, 7;
    %store/vec4 v0x629c79115520_0, 0, 7;
    %jmp T_0.17;
T_0.9 ;
    %pushi/vec4 4, 0, 7;
    %store/vec4 v0x629c79115520_0, 0, 7;
    %jmp T_0.17;
T_0.10 ;
    %pushi/vec4 8, 0, 7;
    %store/vec4 v0x629c79115520_0, 0, 7;
    %jmp T_0.17;
T_0.11 ;
    %pushi/vec4 96, 0, 7;
    %store/vec4 v0x629c79115520_0, 0, 7;
    %jmp T_0.17;
T_0.12 ;
    %pushi/vec4 49, 0, 7;
    %store/vec4 v0x629c79115520_0, 0, 7;
    %jmp T_0.17;
T_0.13 ;
    %pushi/vec4 66, 0, 7;
    %store/vec4 v0x629c79115520_0, 0, 7;
    %jmp T_0.17;
T_0.14 ;
    %pushi/vec4 48, 0, 7;
    %store/vec4 v0x629c79115520_0, 0, 7;
    %jmp T_0.17;
T_0.15 ;
    %pushi/vec4 56, 0, 7;
    %store/vec4 v0x629c79115520_0, 0, 7;
    %jmp T_0.17;
T_0.17 ;
    %pop/vec4 1;
    %jmp T_0;
    .thread T_0, $push;
    .scope S_0x629c790ff800;
T_1 ;
    %vpi_call 2 16 "$dumpfile", "tb_BCDtoSSeg.vcd" {0 0 0};
    %vpi_call 2 17 "$dumpvars", 32'sb00000000000000000000000000000000, S_0x629c790ff800 {0 0 0};
    %pushi/vec4 0, 0, 4;
    %store/vec4 v0x629c79115740_0, 0, 4;
    %delay 10000, 0;
    %pushi/vec4 1, 0, 4;
    %store/vec4 v0x629c79115740_0, 0, 4;
    %delay 10000, 0;
    %pushi/vec4 2, 0, 4;
    %store/vec4 v0x629c79115740_0, 0, 4;
    %delay 10000, 0;
    %pushi/vec4 3, 0, 4;
    %store/vec4 v0x629c79115740_0, 0, 4;
    %delay 10000, 0;
    %pushi/vec4 4, 0, 4;
    %store/vec4 v0x629c79115740_0, 0, 4;
    %delay 10000, 0;
    %pushi/vec4 5, 0, 4;
    %store/vec4 v0x629c79115740_0, 0, 4;
    %delay 10000, 0;
    %pushi/vec4 6, 0, 4;
    %store/vec4 v0x629c79115740_0, 0, 4;
    %delay 10000, 0;
    %pushi/vec4 7, 0, 4;
    %store/vec4 v0x629c79115740_0, 0, 4;
    %delay 10000, 0;
    %pushi/vec4 8, 0, 4;
    %store/vec4 v0x629c79115740_0, 0, 4;
    %delay 10000, 0;
    %pushi/vec4 9, 0, 4;
    %store/vec4 v0x629c79115740_0, 0, 4;
    %delay 10000, 0;
    %pushi/vec4 10, 0, 4;
    %store/vec4 v0x629c79115740_0, 0, 4;
    %delay 10000, 0;
    %pushi/vec4 11, 0, 4;
    %store/vec4 v0x629c79115740_0, 0, 4;
    %delay 10000, 0;
    %pushi/vec4 12, 0, 4;
    %store/vec4 v0x629c79115740_0, 0, 4;
    %delay 10000, 0;
    %pushi/vec4 13, 0, 4;
    %store/vec4 v0x629c79115740_0, 0, 4;
    %delay 10000, 0;
    %pushi/vec4 14, 0, 4;
    %store/vec4 v0x629c79115740_0, 0, 4;
    %delay 10000, 0;
    %pushi/vec4 15, 0, 4;
    %store/vec4 v0x629c79115740_0, 0, 4;
    %delay 10000, 0;
    %vpi_call 2 37 "$finish" {0 0 0};
    %end;
    .thread T_1;
# The file index is used to find the file name in the following table.
:file_names 4;
    "N/A";
    "<interactive>";
    "src/BCDtoSSeg_tb.v";
    "./src/BCDtoSSeg.v";
